
> my-app@0.1.0 dev
> next dev -p 3001

   ▲ Next.js 15.3.3
   - Local:        http://localhost:3001
   - Network:      http://172.20.1.5:3001

 ✓ Starting...
 ✓ Ready in 838ms
 ○ Compiling / ...
 ✓ Compiled / in 1888ms (1696 modules)
 HEAD / 200 in 2071ms
 GET / 200 in 27ms
 GET / 200 in 27ms
 GET / 200 in 42ms
 GET / 200 in 44ms
 ✓ Compiled in 252ms (1678 modules)
 GET / 200 in 37ms
 GET / 200 in 117ms
 ✓ Compiled in 255ms (1678 modules)
 GET / 200 in 42ms
 ✓ Compiled in 256ms (1678 modules)
 GET / 200 in 46ms
 GET / 200 in 131ms
 ✓ Compiled in 202ms (1678 modules)
 GET / 200 in 48ms
 GET / 200 in 152ms
 GET / 200 in 28ms
 GET / 200 in 42ms
 ✓ Compiled in 112ms (794 modules)
 GET / 200 in 7ms
 ✓ Compiled in 384ms (1667 modules)
 ⚠ Unsupported metadata viewport is configured in metadata export in /. Please move it to viewport export instead.
Read more: https://nextjs.org/docs/app/api-reference/functions/generate-viewport
 GET / 200 in 51ms
 ✓ Compiled in 64ms (795 modules)
 ⚠ Unsupported metadata viewport is configured in metadata export in /. Please move it to viewport export instead.
Read more: https://nextjs.org/docs/app/api-reference/functions/generate-viewport
 GET / 200 in 6ms
 ✓ Compiled in 103ms (1681 modules)
 GET / 200 in 42ms
 ✓ Compiled in 145ms (1670 modules)
 GET / 200 in 43ms
 ✓ Compiled in 60ms (796 modules)
 GET / 200 in 5ms
 ✓ Compiled in 68ms (796 modules)
 GET / 200 in 7ms
 ✓ Compiled in 103ms (1670 modules)
 GET / 200 in 31ms
 ✓ Compiled in 60ms (796 modules)
 GET / 200 in 6ms
 ✓ Compiled in 112ms (1684 modules)
 GET / 200 in 27ms
 ✓ Compiled in 84ms (796 modules)
 GET / 200 in 18ms
 ✓ Compiled in 344ms (1684 modules)
 GET / 200 in 49ms
 ✓ Compiled in 196ms (1688 modules)
 GET / 200 in 33ms
